<?xml version="1.0" encoding="UTF-8"?>
<!-- Generated by org.testng.reporters.JUnitXMLReporter -->
<testsuite ignored="3" hostname="RIS-qB65DrhV8HK" failures="0" tests="1" name="Default test" time="0.922" errors="0" timestamp="2022-08-26T10:27:35 CDT">
  <testcase classname="apiPackage.GetRequests" name="test1" time="0.896"/>
  <testcase classname="apiPackage.GetRequests" name="test2" time="0.0">
    <ignored/>
  </testcase> <!-- test2 -->
  <testcase classname="apiPackage.GetRequests" name="test3" time="0.0">
    <ignored/>
  </testcase> <!-- test3 -->
  <testcase classname="apiPackage.GetRequests" name="test4" time="0.0">
    <ignored/>
  </testcase> <!-- test4 -->
</testsuite> <!-- Default test -->
