<?xml version="1.0" encoding="UTF-8"?>
<testng-results ignored="4" total="7" passed="3" failed="0" skipped="0">
  <reporter-output>
  </reporter-output>
  <suite started-at="2022-08-28T12:37:57 CDT" name="CapstoneProject" finished-at="2022-08-28T12:39:47 CDT" duration-ms="109583">
    <groups>
    </groups>
    <test started-at="2022-08-28T12:37:57 CDT" name="Tests" finished-at="2022-08-28T12:39:47 CDT" duration-ms="109583">
      <class name="testCases.TC002_ManageProducts">
        <test-method is-config="true" signature="Setup()[pri:0, instance:testCases.TC002_ManageProducts@78691363]" started-at="2022-08-28T12:38:49 CDT" name="Setup" finished-at="2022-08-28T12:38:51 CDT" duration-ms="1243" status="PASS">
          <reporter-output>
          </reporter-output>
        </test-method> <!-- Setup -->
        <test-method signature="LoginTest()[pri:0, instance:testCases.TC002_ManageProducts@78691363]" started-at="2022-08-28T12:38:51 CDT" name="LoginTest" finished-at="2022-08-28T12:39:18 CDT" duration-ms="27240" status="PASS">
          <reporter-output>
          </reporter-output>
        </test-method> <!-- LoginTest -->
        <test-method is-config="true" signature="TearDown()[pri:0, instance:testCases.TC002_ManageProducts@78691363]" started-at="2022-08-28T12:39:18 CDT" name="TearDown" finished-at="2022-08-28T12:39:18 CDT" duration-ms="121" status="PASS">
          <reporter-output>
          </reporter-output>
        </test-method> <!-- TearDown -->
      </class> <!-- testCases.TC002_ManageProducts -->
      <class name="testCases.TC001_CheckingOut">
        <test-method is-config="true" signature="DataSetUp()[pri:0, instance:testCases.TC001_CheckingOut@14cd1699]" started-at="2022-08-28T12:37:57 CDT" name="DataSetUp" finished-at="2022-08-28T12:37:57 CDT" duration-ms="200" status="PASS">
          <reporter-output>
          </reporter-output>
        </test-method> <!-- DataSetUp -->
        <test-method is-config="true" signature="Setup()[pri:0, instance:testCases.TC001_CheckingOut@14cd1699]" started-at="2022-08-28T12:37:57 CDT" name="Setup" finished-at="2022-08-28T12:38:01 CDT" duration-ms="4112" status="PASS">
          <reporter-output>
          </reporter-output>
        </test-method> <!-- Setup -->
        <test-method signature="LoginTest()[pri:0, instance:testCases.TC001_CheckingOut@14cd1699]" started-at="2022-08-28T12:38:01 CDT" name="LoginTest" finished-at="2022-08-28T12:38:49 CDT" duration-ms="47773" status="PASS">
          <reporter-output>
          </reporter-output>
        </test-method> <!-- LoginTest -->
        <test-method is-config="true" signature="TearDown()[pri:0, instance:testCases.TC001_CheckingOut@14cd1699]" started-at="2022-08-28T12:38:49 CDT" name="TearDown" finished-at="2022-08-28T12:38:49 CDT" duration-ms="173" status="PASS">
          <reporter-output>
          </reporter-output>
        </test-method> <!-- TearDown -->
        <test-method is-config="true" signature="DataTearDown()[pri:0, instance:testCases.TC001_CheckingOut@14cd1699]" started-at="2022-08-28T12:39:46 CDT" name="DataTearDown" finished-at="2022-08-28T12:39:47 CDT" duration-ms="246" status="PASS">
          <reporter-output>
          </reporter-output>
        </test-method> <!-- DataTearDown -->
      </class> <!-- testCases.TC001_CheckingOut -->
      <class name="testCases.TC003_SignUp">
        <test-method is-config="true" signature="Setup()[pri:0, instance:testCases.TC003_SignUp@41d477ed]" started-at="2022-08-28T12:39:18 CDT" name="Setup" finished-at="2022-08-28T12:39:19 CDT" duration-ms="1254" status="PASS">
          <reporter-output>
          </reporter-output>
        </test-method> <!-- Setup -->
        <test-method signature="SignUpTest()[pri:0, instance:testCases.TC003_SignUp@41d477ed]" started-at="2022-08-28T12:39:19 CDT" name="SignUpTest" finished-at="2022-08-28T12:39:46 CDT" duration-ms="27023" status="PASS">
          <reporter-output>
          </reporter-output>
        </test-method> <!-- SignUpTest -->
        <test-method is-config="true" signature="TearDown()[pri:0, instance:testCases.TC003_SignUp@41d477ed]" started-at="2022-08-28T12:39:46 CDT" name="TearDown" finished-at="2022-08-28T12:39:46 CDT" duration-ms="166" status="PASS">
          <reporter-output>
          </reporter-output>
        </test-method> <!-- TearDown -->
      </class> <!-- testCases.TC003_SignUp -->
    </test> <!-- Tests -->
  </suite> <!-- CapstoneProject -->
</testng-results>
