<?xml version="1.0" encoding="UTF-8"?>
<testng-results ignored="3" total="4" passed="1" failed="0" skipped="0">
  <reporter-output>
  </reporter-output>
  <suite started-at="2022-08-26T10:27:35 CDT" name="Default suite" finished-at="2022-08-26T10:27:35 CDT" duration-ms="922">
    <groups>
    </groups>
    <test started-at="2022-08-26T10:27:35 CDT" name="Default test" finished-at="2022-08-26T10:27:35 CDT" duration-ms="922">
      <class name="apiPackage.GetRequests">
        <test-method signature="test1()[pri:0, instance:apiPackage.GetRequests@293a5bf6]" started-at="2022-08-26T10:27:35 CDT" name="test1" finished-at="2022-08-26T10:27:35 CDT" duration-ms="896" status="PASS">
          <reporter-output>
          </reporter-output>
        </test-method> <!-- test1 -->
      </class> <!-- apiPackage.GetRequests -->
    </test> <!-- Default test -->
  </suite> <!-- Default suite -->
</testng-results>
