<?xml version="1.0" encoding="UTF-8"?>
<!-- Generated by org.testng.reporters.JUnitXMLReporter -->
<testsuite ignored="4" hostname="RIS-qB65DrhV8HK" failures="0" tests="3" name="Tests" time="109.583" errors="0" timestamp="2022-08-28T12:39:47 CDT">
  <testcase classname="testCases.TC001_CheckingOut" name="LoginTest" time="47.773"/>
  <testcase classname="testCases.TC002_ManageProducts" name="LoginTest" time="27.24"/>
  <testcase classname="testCases.TC003_SignUp" name="SignUpTest" time="27.023"/>
  <testcase classname="testCases.BaseClass" name="@BeforeTest DataSetUp" time="0.0">
    <ignored/>
  </testcase> <!-- @BeforeTest DataSetUp -->
  <testcase classname="testCases.BaseClass" name="@AfterTest DataTearDown" time="0.0">
    <ignored/>
  </testcase> <!-- @AfterTest DataTearDown -->
  <testcase classname="testCases.BaseClass" name="@AfterTest DataTearDown" time="0.0">
    <ignored/>
  </testcase> <!-- @AfterTest DataTearDown -->
  <testcase classname="testCases.BaseClass" name="@BeforeTest DataSetUp" time="0.0">
    <ignored/>
  </testcase> <!-- @BeforeTest DataSetUp -->
</testsuite> <!-- Tests -->
