<?xml version="1.0" encoding="UTF-8"?>
<!-- Generated by org.testng.reporters.JUnitXMLReporter -->
<testsuite ignored="4" hostname="RIS-qB65DrhV8HK" failures="0" tests="3" name="Tests" time="106.882" errors="0" timestamp="2022-08-24T18:15:24 CDT">
  <testcase classname="testCases.TC001_CheckingOut" name="LoginTest" time="47.154"/>
  <testcase classname="testCases.TC002_ManageProducts" name="LoginTest" time="26.891"/>
  <testcase classname="testCases.TC003_SignUp" name="SignUpTest" time="27.027"/>
  <testcase classname="testCases.BaseClass" name="@AfterTest DataTearDown" time="0.0">
    <ignored/>
  </testcase> <!-- @AfterTest DataTearDown -->
  <testcase classname="testCases.BaseClass" name="@BeforeTest DataSetUp" time="0.0">
    <ignored/>
  </testcase> <!-- @BeforeTest DataSetUp -->
  <testcase classname="testCases.BaseClass" name="@BeforeTest DataSetUp" time="0.0">
    <ignored/>
  </testcase> <!-- @BeforeTest DataSetUp -->
  <testcase classname="testCases.BaseClass" name="@AfterTest DataTearDown" time="0.0">
    <ignored/>
  </testcase> <!-- @AfterTest DataTearDown -->
</testsuite> <!-- Tests -->
